<?xml version="1.0" encoding="UTF-8"?>
<!-- Generated by org.testng.reporters.JUnitReportReporter -->
<testsuite hostname="DESKTOP-KMT84M5" failures="0" tests="3" name="com.qa.opencart.Test.RegisterTest" time="47.441" errors="0" timestamp="17 Oct 2022 10:04:00 GMT" skipped="0">
  <testcase classname="com.qa.opencart.Test.RegisterTest" name="registerUserTest" time="13.908"/>
  <testcase classname="com.qa.opencart.Test.RegisterTest" name="registerUserTest" time="13.505"/>
  <testcase classname="com.qa.opencart.Test.RegisterTest" name="registerUserTest" time="20.028"/>
</testsuite> <!-- com.qa.opencart.Test.RegisterTest -->
