<?xml version="1.0" encoding="UTF-8"?>
<!-- Generated by org.testng.reporters.JUnitReportReporter -->
<testsuite hostname="DESKTOP-KMT84M5" failures="0" tests="4" name="com.qa.opencart.Test.LoginPageTest" time="5.781" errors="0" timestamp="18 Oct 2022 09:44:00 GMT" skipped="0">
  <testcase classname="com.qa.opencart.Test.LoginPageTest" name="loginPageTitletest" time="0.355"/>
  <testcase classname="com.qa.opencart.Test.LoginPageTest" name="loginPageUrlTest" time="0.044"/>
  <testcase classname="com.qa.opencart.Test.LoginPageTest" name="isForgotPwdLinkExistTest" time="1.205"/>
  <testcase classname="com.qa.opencart.Test.LoginPageTest" name="loginTest" time="4.177"/>
</testsuite> <!-- com.qa.opencart.Test.LoginPageTest -->
