<?xml version="1.0" encoding="UTF-8"?>
<!-- Generated by org.testng.reporters.JUnitReportReporter -->
<testsuite hostname="DESKTOP-KMT84M5" failures="0" tests="12" name="com.qa.opencart.Test.ProductPageTest" time="142.720" errors="0" timestamp="17 Oct 2022 12:41:01 GMT" skipped="0">
  <testcase classname="com.qa.opencart.Test.ProductPageTest" name="productHeaderTest" time="36.454"/>
  <testcase classname="com.qa.opencart.Test.ProductPageTest" name="productHeaderTest" time="6.180"/>
  <testcase classname="com.qa.opencart.Test.ProductPageTest" name="productHeaderTest" time="6.091"/>
  <testcase classname="com.qa.opencart.Test.ProductPageTest" name="productPageTitleTest" time="5.167"/>
  <testcase classname="com.qa.opencart.Test.ProductPageTest" name="productPageUrlTest" time="5.191"/>
  <testcase classname="com.qa.opencart.Test.ProductPageTest" name="productMetaDataTest" time="5.094"/>
  <testcase classname="com.qa.opencart.Test.ProductPageTest" name="proImagesCountTest" time="11.708"/>
  <testcase classname="com.qa.opencart.Test.ProductPageTest" name="productHeaderTest" time="5.748"/>
  <testcase classname="com.qa.opencart.Test.ProductPageTest" name="productPriceTest" time="6.044"/>
  <testcase classname="com.qa.opencart.Test.ProductPageTest" name="proImagesCountTest" time="28.964"/>
  <testcase classname="com.qa.opencart.Test.ProductPageTest" name="proImagesCountTest" time="17.125"/>
  <testcase classname="com.qa.opencart.Test.ProductPageTest" name="proImagesCountTest" time="8.954"/>
</testsuite> <!-- com.qa.opencart.Test.ProductPageTest -->
